This is pdfTeX, Version 3.141592653-2.6-1.40.25 (TeX Live 2023/Homebrew) (preloaded format=pdflatex 2023.6.22)  27 NOV 2024 17:42
entering extended mode
 restricted \write18 enabled.
 %&-line parsing enabled.
**main.tex
(./main.tex
LaTeX2e <2022-11-01> patch level 1
L3 programming layer <2023-02-22>
(/opt/homebrew/Cellar/texlive/20230313_2/share/texmf-dist/tex/latex/base/articl
e.cls
Document Class: article 2022/07/02 v1.4n Standard LaTeX document class

(/opt/homebrew/Cellar/texlive/20230313_2/share/texmf-dist/tex/latex/base/size10
.clo
File: size10.clo 2022/07/02 v1.4n Standard LaTeX file (size option)
)
\c@part=\count185
\c@section=\count186
\c@subsection=\count187
\c@subsubsection=\count188
\c@paragraph=\count189
\c@subparagraph=\count190
\c@figure=\count191
\c@table=\count192
\abovecaptionskip=\skip48
\belowcaptionskip=\skip49
\bibindent=\dimen140
)
(/opt/homebrew/Cellar/texlive/20230313_2/share/texmf-dist/tex/latex/graphics/gr
aphicx.sty
Package: graphicx 2021/09/16 v1.2d Enhanced LaTeX Graphics (DPC,SPQR)

(/opt/homebrew/Cellar/texlive/20230313_2/share/texmf-dist/tex/latex/graphics/ke
yval.sty
Package: keyval 2022/05/29 v1.15 key=value parser (DPC)
\KV@toks@=\toks16
)
(/opt/homebrew/Cellar/texlive/20230313_2/share/texmf-dist/tex/latex/graphics/gr
aphics.sty
Package: graphics 2022/03/10 v1.4e Standard LaTeX Graphics (DPC,SPQR)

(/opt/homebrew/Cellar/texlive/20230313_2/share/texmf-dist/tex/latex/graphics/tr
ig.sty
Package: trig 2021/08/11 v1.11 sin cos tan (DPC)
)
(/opt/homebrew/Cellar/texlive/20230313_2/share/texmf-dist/tex/latex/graphics-cf
g/graphics.cfg
File: graphics.cfg 2016/06/04 v1.11 sample graphics configuration
)
Package graphics Info: Driver file: pdftex.def on input line 107.

(/opt/homebrew/Cellar/texlive/20230313_2/share/texmf-dist/tex/latex/graphics-de
f/pdftex.def
File: pdftex.def 2022/09/22 v1.2b Graphics/color driver for pdftex
))
\Gin@req@height=\dimen141
\Gin@req@width=\dimen142
)
(/opt/homebrew/Cellar/texlive/20230313_2/share/texmf-dist/tex/latex/xcolor/xcol
or.sty
Package: xcolor 2022/06/12 v2.14 LaTeX color extensions (UK)

(/opt/homebrew/Cellar/texlive/20230313_2/share/texmf-dist/tex/latex/graphics-cf
g/color.cfg
File: color.cfg 2016/01/02 v1.6 sample color configuration
)
Package xcolor Info: Driver file: pdftex.def on input line 227.

(/opt/homebrew/Cellar/texlive/20230313_2/share/texmf-dist/tex/latex/graphics/ma
thcolor.ltx)
Package xcolor Info: Model `cmy' substituted by `cmy0' on input line 1353.
Package xcolor Info: Model `hsb' substituted by `rgb' on input line 1357.
Package xcolor Info: Model `RGB' extended on input line 1369.
Package xcolor Info: Model `HTML' substituted by `rgb' on input line 1371.
Package xcolor Info: Model `Hsb' substituted by `hsb' on input line 1372.
Package xcolor Info: Model `tHsb' substituted by `hsb' on input line 1373.
Package xcolor Info: Model `HSB' substituted by `hsb' on input line 1374.
Package xcolor Info: Model `Gray' substituted by `gray' on input line 1375.
Package xcolor Info: Model `wave' substituted by `hsb' on input line 1376.
)
(/opt/homebrew/Cellar/texlive/20230313_2/share/texmf-dist/tex/latex/framed/fram
ed.sty
Package: framed 2011/10/22 v 0.96: framed or shaded text with page breaks
\OuterFrameSep=\skip50
\fb@frw=\dimen143
\fb@frh=\dimen144
\FrameRule=\dimen145
\FrameSep=\dimen146
)
(/opt/homebrew/Cellar/texlive/20230313_2/share/texmf-dist/tex/latex/base/alltt.
sty
Package: alltt 2021/01/29 v2.0g defines alltt environment
)
(/opt/homebrew/Cellar/texlive/20230313_2/share/texmf-dist/tex/latex/amsfonts/am
ssymb.sty
Package: amssymb 2013/01/14 v3.01 AMS font symbols

(/opt/homebrew/Cellar/texlive/20230313_2/share/texmf-dist/tex/latex/amsfonts/am
sfonts.sty
Package: amsfonts 2013/01/14 v3.01 Basic AMSFonts support
\@emptytoks=\toks17
\symAMSa=\mathgroup4
\symAMSb=\mathgroup5
LaTeX Font Info:    Redeclaring math symbol \hbar on input line 98.
LaTeX Font Info:    Overwriting math alphabet `\mathfrak' in version `bold'
(Font)                  U/euf/m/n --> U/euf/b/n on input line 106.
))
(/opt/homebrew/Cellar/texlive/20230313_2/share/texmf-dist/tex/latex/amscls/amst
hm.sty
Package: amsthm 2020/05/29 v2.20.6
\thm@style=\toks18
\thm@bodyfont=\toks19
\thm@headfont=\toks20
\thm@notefont=\toks21
\thm@headpunct=\toks22
\thm@preskip=\skip51
\thm@postskip=\skip52
\thm@headsep=\skip53
\dth@everypar=\toks23
)
(/opt/homebrew/Cellar/texlive/20230313_2/share/texmf-dist/tex/latex/tools/bm.st
y
Package: bm 2022/01/05 v1.2f Bold Symbol Support (DPC/FMi)
\symboldoperators=\mathgroup6
\symboldletters=\mathgroup7
\symboldsymbols=\mathgroup8
Package bm Info: No bold for \OMX/cmex/m/n, using \pmb.
Package bm Info: No bold for \U/msa/m/n, using \pmb.
Package bm Info: No bold for \U/msb/m/n, using \pmb.
LaTeX Font Info:    Redeclaring math alphabet \mathbf on input line 149.
)
(/opt/homebrew/Cellar/texlive/20230313_2/share/texmf-dist/tex/latex/caption/cap
tion.sty
Package: caption 2023/03/12 v3.6j Customizing captions (AR)

(/opt/homebrew/Cellar/texlive/20230313_2/share/texmf-dist/tex/latex/caption/cap
tion3.sty
Package: caption3 2023/03/12 v2.4 caption3 kernel (AR)
\caption@tempdima=\dimen147
\captionmargin=\dimen148
\caption@leftmargin=\dimen149
\caption@rightmargin=\dimen150
\caption@width=\dimen151
\caption@indent=\dimen152
\caption@parindent=\dimen153
\caption@hangindent=\dimen154
Package caption Info: Standard document class detected.
)
\c@caption@flags=\count193
\c@continuedfloat=\count194
)
(/opt/homebrew/Cellar/texlive/20230313_2/share/texmf-dist/tex/latex/placeins/pl
aceins.sty
Package: placeins 2005/04/18  v 2.2
)
(/opt/homebrew/Cellar/texlive/20230313_2/share/texmf-dist/tex/latex/amsmath/ams
math.sty
Package: amsmath 2022/04/08 v2.17n AMS math features
\@mathmargin=\skip54

For additional information on amsmath, use the `?' option.

(/opt/homebrew/Cellar/texlive/20230313_2/share/texmf-dist/tex/latex/amsmath/ams
text.sty
Package: amstext 2021/08/26 v2.01 AMS text

(/opt/homebrew/Cellar/texlive/20230313_2/share/texmf-dist/tex/latex/amsmath/ams
gen.sty
File: amsgen.sty 1999/11/30 v2.0 generic functions
\@emptytoks=\toks24
\ex@=\dimen155
))
(/opt/homebrew/Cellar/texlive/20230313_2/share/texmf-dist/tex/latex/amsmath/ams
bsy.sty
Package: amsbsy 1999/11/29 v1.2d Bold Symbols
LaTeX Info: Redefining \boldsymbol on input line 28.
\pmbraise@=\dimen156
)
(/opt/homebrew/Cellar/texlive/20230313_2/share/texmf-dist/tex/latex/amsmath/ams
opn.sty
Package: amsopn 2022/04/08 v2.04 operator names
)
\inf@bad=\count195
LaTeX Info: Redefining \frac on input line 234.
\uproot@=\count196
\leftroot@=\count197
LaTeX Info: Redefining \overline on input line 399.
LaTeX Info: Redefining \colon on input line 410.
\classnum@=\count198
\DOTSCASE@=\count199
LaTeX Info: Redefining \ldots on input line 496.
LaTeX Info: Redefining \dots on input line 499.
LaTeX Info: Redefining \cdots on input line 620.
\Mathstrutbox@=\box51
\strutbox@=\box52
LaTeX Info: Redefining \big on input line 722.
LaTeX Info: Redefining \Big on input line 723.
LaTeX Info: Redefining \bigg on input line 724.
LaTeX Info: Redefining \Bigg on input line 725.
\big@size=\dimen157
LaTeX Font Info:    Redeclaring font encoding OML on input line 743.
LaTeX Font Info:    Redeclaring font encoding OMS on input line 744.
\macc@depth=\count266
LaTeX Info: Redefining \bmod on input line 905.
LaTeX Info: Redefining \pmod on input line 910.
LaTeX Info: Redefining \smash on input line 940.
LaTeX Info: Redefining \relbar on input line 970.
LaTeX Info: Redefining \Relbar on input line 971.
\c@MaxMatrixCols=\count267
\dotsspace@=\muskip16
\c@parentequation=\count268
\dspbrk@lvl=\count269
\tag@help=\toks25
\row@=\count270
\column@=\count271
\maxfields@=\count272
\andhelp@=\toks26
\eqnshift@=\dimen158
\alignsep@=\dimen159
\tagshift@=\dimen160
\tagwidth@=\dimen161
\totwidth@=\dimen162
\lineht@=\dimen163
\@envbody=\toks27
\multlinegap=\skip55
\multlinetaggap=\skip56
\mathdisplay@stack=\toks28
LaTeX Info: Redefining \[ on input line 2953.
LaTeX Info: Redefining \] on input line 2954.
)
(/opt/homebrew/Cellar/texlive/20230313_2/share/texmf-dist/tex/latex/cancel/canc
el.sty
Package: cancel 2013/04/12 v2.2 Cancel math terms
)
(/opt/homebrew/Cellar/texlive/20230313_2/share/texmf-dist/tex/latex/graphics/ro
tating.sty
Package: rotating 2016/08/11 v2.16d rotated objects in LaTeX

(/opt/homebrew/Cellar/texlive/20230313_2/share/texmf-dist/tex/latex/base/ifthen
.sty
Package: ifthen 2022/04/13 v1.1d Standard LaTeX ifthen package (DPC)
)
\c@r@tfl@t=\count273
\rotFPtop=\skip57
\rotFPbot=\skip58
\rot@float@box=\box53
\rot@mess@toks=\toks29
)
(/opt/homebrew/Cellar/texlive/20230313_2/share/texmf-dist/tex/generic/soul/soul
.sty
Package: soul 2023-02-18 v3.0 Permit use of UTF-8 characters in soul (HO)

(/opt/homebrew/Cellar/texlive/20230313_2/share/texmf-dist/tex/generic/soul/soul
-ori.sty
Package: soul-ori 2023-02-18 v3.0 letterspacing/underlining (mf)
\SOUL@word=\toks30
\SOUL@lasttoken=\toks31
\SOUL@syllable=\toks32
\SOUL@cmds=\toks33
\SOUL@buffer=\toks34
\SOUL@token=\toks35
\SOUL@syllgoal=\dimen164
\SOUL@syllwidth=\dimen165
\SOUL@charkern=\dimen166
\SOUL@hyphkern=\dimen167
\SOUL@dimen=\dimen168
\SOUL@dimeni=\dimen169
\SOUL@minus=\count274
\SOUL@comma=\count275
\SOUL@apo=\count276
\SOUL@grave=\count277
\SOUL@spaceskip=\skip59
\SOUL@ttwidth=\dimen170
\SOUL@uldp=\dimen171
\SOUL@ulht=\dimen172
)
(/opt/homebrew/Cellar/texlive/20230313_2/share/texmf-dist/tex/generic/infwarerr
/infwarerr.sty
Package: infwarerr 2019/12/03 v1.5 Providing info/warning/error messages (HO)
)
(/opt/homebrew/Cellar/texlive/20230313_2/share/texmf-dist/tex/generic/etexcmds/
etexcmds.sty
Package: etexcmds 2019/12/15 v1.7 Avoid name clashes with e-TeX commands (HO)

(/opt/homebrew/Cellar/texlive/20230313_2/share/texmf-dist/tex/generic/iftex/ift
ex.sty
Package: iftex 2022/02/03 v1.0f TeX engine tests
)))
(/opt/homebrew/Cellar/texlive/20230313_2/share/texmf-dist/tex/latex/tools/multi
col.sty
Package: multicol 2021/11/30 v1.9d multicolumn formatting (FMi)
\c@tracingmulticols=\count278
\mult@box=\box54
\multicol@leftmargin=\dimen173
\c@unbalance=\count279
\c@collectmore=\count280
\doublecol@number=\count281
\multicoltolerance=\count282
\multicolpretolerance=\count283
\full@width=\dimen174
\page@free=\dimen175
\premulticols=\dimen176
\postmulticols=\dimen177
\multicolsep=\skip60
\multicolbaselineskip=\skip61
\partial@page=\box55
\last@line=\box56
\maxbalancingoverflow=\dimen178
\mult@rightbox=\box57
\mult@grightbox=\box58
\mult@firstbox=\box59
\mult@gfirstbox=\box60
\@tempa=\box61
\@tempa=\box62
\@tempa=\box63
\@tempa=\box64
\@tempa=\box65
\@tempa=\box66
\@tempa=\box67
\@tempa=\box68
\@tempa=\box69
\@tempa=\box70
\@tempa=\box71
\@tempa=\box72
\@tempa=\box73
\@tempa=\box74
\@tempa=\box75
\@tempa=\box76
\@tempa=\box77
\@tempa=\box78
\@tempa=\box79
\@tempa=\box80
\@tempa=\box81
\@tempa=\box82
\@tempa=\box83
\@tempa=\box84
\@tempa=\box85
\@tempa=\box86
\@tempa=\box87
\@tempa=\box88
\@tempa=\box89
\@tempa=\box90
\@tempa=\box91
\@tempa=\box92
\@tempa=\box93
\@tempa=\box94
\@tempa=\box95
\@tempa=\box96
\c@minrows=\count284
\c@columnbadness=\count285
\c@finalcolumnbadness=\count286
\last@try=\dimen179
\multicolovershoot=\dimen180
\multicolundershoot=\dimen181
\mult@nat@firstbox=\box97
\colbreak@box=\box98
\mc@col@check@num=\count287
)
(/opt/homebrew/Cellar/texlive/20230313_2/share/texmf-dist/tex/latex/hyperref/hy
perref.sty
Package: hyperref 2023-02-07 v7.00v Hypertext links for LaTeX

(/opt/homebrew/Cellar/texlive/20230313_2/share/texmf-dist/tex/generic/ltxcmds/l
txcmds.sty
Package: ltxcmds 2020-05-10 v1.25 LaTeX kernel commands for general use (HO)
)
(/opt/homebrew/Cellar/texlive/20230313_2/share/texmf-dist/tex/generic/pdftexcmd
s/pdftexcmds.sty
Package: pdftexcmds 2020-06-27 v0.33 Utility functions of pdfTeX for LuaTeX (HO
)
Package pdftexcmds Info: \pdf@primitive is available.
Package pdftexcmds Info: \pdf@ifprimitive is available.
Package pdftexcmds Info: \pdfdraftmode found.
)
(/opt/homebrew/Cellar/texlive/20230313_2/share/texmf-dist/tex/latex/kvsetkeys/k
vsetkeys.sty
Package: kvsetkeys 2022-10-05 v1.19 Key value parser (HO)
)
(/opt/homebrew/Cellar/texlive/20230313_2/share/texmf-dist/tex/generic/kvdefinek
eys/kvdefinekeys.sty
Package: kvdefinekeys 2019-12-19 v1.6 Define keys (HO)
)
(/opt/homebrew/Cellar/texlive/20230313_2/share/texmf-dist/tex/generic/pdfescape
/pdfescape.sty
Package: pdfescape 2019/12/09 v1.15 Implements pdfTeX's escape features (HO)
)
(/opt/homebrew/Cellar/texlive/20230313_2/share/texmf-dist/tex/latex/hycolor/hyc
olor.sty
Package: hycolor 2020-01-27 v1.10 Color options for hyperref/bookmark (HO)
)
(/opt/homebrew/Cellar/texlive/20230313_2/share/texmf-dist/tex/latex/letltxmacro
/letltxmacro.sty
Package: letltxmacro 2019/12/03 v1.6 Let assignment for LaTeX macros (HO)
)
(/opt/homebrew/Cellar/texlive/20230313_2/share/texmf-dist/tex/latex/auxhook/aux
hook.sty
Package: auxhook 2019-12-17 v1.6 Hooks for auxiliary files (HO)
)
(/opt/homebrew/Cellar/texlive/20230313_2/share/texmf-dist/tex/latex/hyperref/na
meref.sty
Package: nameref 2022-05-17 v2.50 Cross-referencing by name of section

(/opt/homebrew/Cellar/texlive/20230313_2/share/texmf-dist/tex/latex/refcount/re
fcount.sty
Package: refcount 2019/12/15 v3.6 Data extraction from label references (HO)
)
(/opt/homebrew/Cellar/texlive/20230313_2/share/texmf-dist/tex/generic/gettitles
tring/gettitlestring.sty
Package: gettitlestring 2019/12/15 v1.6 Cleanup title references (HO)

(/opt/homebrew/Cellar/texlive/20230313_2/share/texmf-dist/tex/latex/kvoptions/k
voptions.sty
Package: kvoptions 2022-06-15 v3.15 Key value format for package options (HO)
))
\c@section@level=\count288
)
\@linkdim=\dimen182
\Hy@linkcounter=\count289
\Hy@pagecounter=\count290

(/opt/homebrew/Cellar/texlive/20230313_2/share/texmf-dist/tex/latex/hyperref/pd
1enc.def
File: pd1enc.def 2023-02-07 v7.00v Hyperref: PDFDocEncoding definition (HO)
Now handling font encoding PD1 ...
... no UTF-8 mapping file for font encoding PD1
)
(/opt/homebrew/Cellar/texlive/20230313_2/share/texmf-dist/tex/generic/intcalc/i
ntcalc.sty
Package: intcalc 2019/12/15 v1.3 Expandable calculations with integers (HO)
)
\Hy@SavedSpaceFactor=\count291

(/opt/homebrew/Cellar/texlive/20230313_2/share/texmf-dist/tex/latex/hyperref/pu
enc.def
File: puenc.def 2023-02-07 v7.00v Hyperref: PDF Unicode definition (HO)
Now handling font encoding PU ...
... no UTF-8 mapping file for font encoding PU
)
Package hyperref Info: Hyper figures OFF on input line 4177.
Package hyperref Info: Link nesting OFF on input line 4182.
Package hyperref Info: Hyper index ON on input line 4185.
Package hyperref Info: Plain pages OFF on input line 4192.
Package hyperref Info: Backreferencing OFF on input line 4197.
Package hyperref Info: Implicit mode ON; LaTeX internals redefined.
Package hyperref Info: Bookmarks ON on input line 4425.
\c@Hy@tempcnt=\count292

(/opt/homebrew/Cellar/texlive/20230313_2/share/texmf-dist/tex/latex/url/url.sty
\Urlmuskip=\muskip17
Package: url 2013/09/16  ver 3.4  Verb mode for urls, etc.
)
LaTeX Info: Redefining \url on input line 4763.
\XeTeXLinkMargin=\dimen183

(/opt/homebrew/Cellar/texlive/20230313_2/share/texmf-dist/tex/generic/bitset/bi
tset.sty
Package: bitset 2019/12/09 v1.3 Handle bit-vector datatype (HO)

(/opt/homebrew/Cellar/texlive/20230313_2/share/texmf-dist/tex/generic/bigintcal
c/bigintcalc.sty
Package: bigintcalc 2019/12/15 v1.5 Expandable calculations on big integers (HO
)
))
\Fld@menulength=\count293
\Field@Width=\dimen184
\Fld@charsize=\dimen185
Package hyperref Info: Hyper figures OFF on input line 6042.
Package hyperref Info: Link nesting OFF on input line 6047.
Package hyperref Info: Hyper index ON on input line 6050.
Package hyperref Info: backreferencing OFF on input line 6057.
Package hyperref Info: Link coloring OFF on input line 6062.
Package hyperref Info: Link coloring with OCG OFF on input line 6067.
Package hyperref Info: PDF/A mode OFF on input line 6072.

(/opt/homebrew/Cellar/texlive/20230313_2/share/texmf-dist/tex/latex/base/atbegs
hi-ltx.sty
Package: atbegshi-ltx 2021/01/10 v1.0c Emulation of the original atbegshi
package with kernel methods
)
\Hy@abspage=\count294
\c@Item=\count295
\c@Hfootnote=\count296
)
Package hyperref Info: Driver (autodetected): hpdftex.

(/opt/homebrew/Cellar/texlive/20230313_2/share/texmf-dist/tex/latex/hyperref/hp
dftex.def
File: hpdftex.def 2023-02-07 v7.00v Hyperref driver for pdfTeX

(/opt/homebrew/Cellar/texlive/20230313_2/share/texmf-dist/tex/latex/base/atvery
end-ltx.sty
Package: atveryend-ltx 2020/08/19 v1.0a Emulation of the original atveryend pac
kage
with kernel methods
)
\Fld@listcount=\count297
\c@bookmark@seq@number=\count298

(/opt/homebrew/Cellar/texlive/20230313_2/share/texmf-dist/tex/latex/rerunfilech
eck/rerunfilecheck.sty
Package: rerunfilecheck 2022-07-10 v1.10 Rerun checks for auxiliary files (HO)

(/opt/homebrew/Cellar/texlive/20230313_2/share/texmf-dist/tex/generic/uniquecou
nter/uniquecounter.sty
Package: uniquecounter 2019/12/15 v1.4 Provide unlimited unique counter (HO)
)
Package uniquecounter Info: New unique counter `rerunfilecheck' on input line 2
85.
)
\Hy@SectionHShift=\skip62
)
Package hyperref Info: Option `colorlinks' set `true' on input line 68.

(/opt/homebrew/Cellar/texlive/20230313_2/share/texmf-dist/tex/latex/setspace/se
tspace.sty
Package: setspace 2022/12/04 v6.7b set line spacing
)
(/opt/homebrew/Cellar/texlive/20230313_2/share/texmf-dist/tex/latex/booktabs/bo
oktabs.sty
Package: booktabs 2020/01/12 v1.61803398 Publication quality tables
\heavyrulewidth=\dimen186
\lightrulewidth=\dimen187
\cmidrulewidth=\dimen188
\belowrulesep=\dimen189
\belowbottomsep=\dimen190
\aboverulesep=\dimen191
\abovetopsep=\dimen192
\cmidrulesep=\dimen193
\cmidrulekern=\dimen194
\defaultaddspace=\dimen195
\@cmidla=\count299
\@cmidlb=\count300
\@aboverulesep=\dimen196
\@belowrulesep=\dimen197
\@thisruleclass=\count301
\@lastruleclass=\count302
\@thisrulewidth=\dimen198
)
(/opt/homebrew/Cellar/texlive/20230313_2/share/texmf-dist/tex/latex/float/float
.sty
Package: float 2001/11/08 v1.3d Float enhancements (AL)
\c@float@type=\count303
\float@exts=\toks36
\float@box=\box99
\@float@everytoks=\toks37
\@floatcapt=\box100
)
(/opt/homebrew/Cellar/texlive/20230313_2/share/texmf-dist/tex/latex/subfigure/s
ubfigure.sty
Package: subfigure 2002/03/15 v2.1.5 subfigure package
\subfigtopskip=\skip63
\subfigcapskip=\skip64
\subfigcaptopadj=\dimen199
\subfigbottomskip=\skip65
\subfigcapmargin=\dimen256
\subfiglabelskip=\skip66
\c@subfigure=\count304
\c@lofdepth=\count305
\c@subtable=\count306
\c@lotdepth=\count307

****************************************
* Local config file subfigure.cfg used *
****************************************

(/opt/homebrew/Cellar/texlive/20230313_2/share/texmf-dist/tex/latex/subfigure/s
ubfigure.cfg)
\subfig@top=\skip67
\subfig@bottom=\skip68
)
\@float@every@table=\toks38
\c@prop=\count308
\c@definition=\count309
\c@example=\count310
\c@theorem=\count311
\c@Report=\count312
\c@Example=\count313

(/opt/homebrew/Cellar/texlive/20230313_2/share/texmf-dist/tex/latex/upquote/upq
uote.sty
Package: upquote 2012/04/19 v1.3 upright-quote and grave-accent glyphs in verba
tim
)
(/opt/homebrew/Cellar/texlive/20230313_2/share/texmf-dist/tex/latex/l3backend/l
3backend-pdftex.def
File: l3backend-pdftex.def 2023-01-16 L3 backend support: PDF output (pdfTeX)
\l__color_backend_stack_int=\count314
\l__pdf_internal_box=\box101
) (./main.aux)
\openout1 = `main.aux'.

LaTeX Font Info:    Checking defaults for OML/cmm/m/it on input line 182.
LaTeX Font Info:    ... okay on input line 182.
LaTeX Font Info:    Checking defaults for OMS/cmsy/m/n on input line 182.
LaTeX Font Info:    ... okay on input line 182.
LaTeX Font Info:    Checking defaults for OT1/cmr/m/n on input line 182.
LaTeX Font Info:    ... okay on input line 182.
LaTeX Font Info:    Checking defaults for T1/cmr/m/n on input line 182.
LaTeX Font Info:    ... okay on input line 182.
LaTeX Font Info:    Checking defaults for TS1/cmr/m/n on input line 182.
LaTeX Font Info:    ... okay on input line 182.
LaTeX Font Info:    Checking defaults for OMX/cmex/m/n on input line 182.
LaTeX Font Info:    ... okay on input line 182.
LaTeX Font Info:    Checking defaults for U/cmr/m/n on input line 182.
LaTeX Font Info:    ... okay on input line 182.
LaTeX Font Info:    Checking defaults for PD1/pdf/m/n on input line 182.
LaTeX Font Info:    ... okay on input line 182.
LaTeX Font Info:    Checking defaults for PU/pdf/m/n on input line 182.
LaTeX Font Info:    ... okay on input line 182.

(/opt/homebrew/Cellar/texlive/20230313_2/share/texmf-dist/tex/context/base/mkii
/supp-pdf.mkii
[Loading MPS to PDF converter (version 2006.09.02).]
\scratchcounter=\count315
\scratchdimen=\dimen257
\scratchbox=\box102
\nofMPsegments=\count316
\nofMParguments=\count317
\everyMPshowfont=\toks39
\MPscratchCnt=\count318
\MPscratchDim=\dimen258
\MPnumerator=\count319
\makeMPintoPDFobject=\count320
\everyMPtoPDFconversion=\toks40
)
(/opt/homebrew/Cellar/texlive/20230313_2/share/texmf-dist/tex/latex/epstopdf-pk
g/epstopdf-base.sty
Package: epstopdf-base 2020-01-24 v2.11 Base part for package epstopdf
Package epstopdf-base Info: Redefining graphics rule for `.eps' on input line 4
85.

(/opt/homebrew/Cellar/texlive/20230313_2/share/texmf-dist/tex/latex/latexconfig
/epstopdf-sys.cfg
File: epstopdf-sys.cfg 2010/07/13 v1.3 Configuration of (r)epstopdf for TeX Liv
e
))
Package caption Info: Begin \AtBeginDocument code.
Package caption Info: float package is loaded.
Package caption Info: hyperref package is loaded.
Package caption Info: rotating package is loaded.
Package caption Info: subfigure package is loaded.
Package caption Info: End \AtBeginDocument code.
Package hyperref Info: Link coloring ON on input line 182.
 (./main.out) (./main.out)
\@outlinefile=\write3
\openout3 = `main.out'.

 (./main.toc
LaTeX Font Info:    Trying to load font information for U+msa on input line 2.

(/opt/homebrew/Cellar/texlive/20230313_2/share/texmf-dist/tex/latex/amsfonts/um
sa.fd
File: umsa.fd 2013/01/14 v3.01 AMS symbols A
)
LaTeX Font Info:    Trying to load font information for U+msb on input line 2.

(/opt/homebrew/Cellar/texlive/20230313_2/share/texmf-dist/tex/latex/amsfonts/um
sb.fd
File: umsb.fd 2013/01/14 v3.01 AMS symbols B
))
\tf@toc=\write4
\openout4 = `main.toc'.

 [1

{/opt/homebrew/Cellar/texlive/20230313_2/share/texmf-dist/fonts/map/pdftex/updm
ap/pdftex.map}]

Package hyperref Warning: Token not allowed in a PDF string (Unicode):
(hyperref)                removing `\\' on input line 191.

[2{/opt/homebrew/Cellar/texlive/20230313_2/share/texmf-dist/fonts/enc/dvips/cm-
super/cm-super-ts1.enc}]
LaTeX Font Info:    Font shape `OT1/cmtt/bx/n' in size <10> not available
(Font)              Font shape `OT1/cmtt/m/n' tried instead on input line 287.
 [3]
<figures/presentation_pic2.pdf, id=76, 794.97pt x 614.295pt>
File: figures/presentation_pic2.pdf Graphic file (type pdf)
<use figures/presentation_pic2.pdf>
Package pdftex.def Info: figures/presentation_pic2.pdf  used on input line 353.

(pdftex.def)             Requested size: 397.48402pt x 307.14674pt.
 [4 <./figures/presentation_pic2.pdf, page is rotated 90 degrees>]
<figures/figure1.png, id=85, 597.23125pt x 626.34pt>
File: figures/figure1.png Graphic file (type png)
<use figures/figure1.png>
Package pdftex.def Info: figures/figure1.png  used on input line 417.
(pdftex.def)             Requested size: 93.94955pt x 98.52483pt.
<figures/figure2.png, id=87, 595.22375pt x 630.355pt>
File: figures/figure2.png Graphic file (type png)
<use figures/figure2.png>
Package pdftex.def Info: figures/figure2.png  used on input line 418.
(pdftex.def)             Requested size: 93.94955pt x 99.49304pt.
<figures/figure3.png, id=88, 522.95375pt x 622.325pt>
File: figures/figure3.png Graphic file (type png)
<use figures/figure3.png>
Package pdftex.def Info: figures/figure3.png  used on input line 419.
(pdftex.def)             Requested size: 93.94955pt x 111.79526pt.
<figures/figure4.png, id=89, 543.02875pt x 629.35126pt>
File: figures/figure4.png Graphic file (type png)
<use figures/figure4.png>
Package pdftex.def Info: figures/figure4.png  used on input line 420.
(pdftex.def)             Requested size: 93.94955pt x 108.88011pt.
 [5 <./figures/figure1.png> <./figures/figure2.png> <./figures/figure3.png> <./
figures/figure4.png>]
<figures/martingale.png, id=102, 534.99875pt x 632.3625pt>
File: figures/martingale.png Graphic file (type png)
<use figures/martingale.png>
Package pdftex.def Info: figures/martingale.png  used on input line 465.
(pdftex.def)             Requested size: 234.87749pt x 277.62282pt.
 [6 <./figures/martingale.png>]
<figure/unnamed-chunk-3-1.pdf, id=109, 505.89pt x 505.89pt>
File: figure/unnamed-chunk-3-1.pdf Graphic file (type pdf)
<use figure/unnamed-chunk-3-1.pdf>
Package pdftex.def Info: figure/unnamed-chunk-3-1.pdf  used on input line 504.
(pdftex.def)             Requested size: 469.75499pt x 469.76265pt.

Overfull \hbox (15.0pt too wide) in paragraph at lines 504--506
[][]
 []

[7] [8 <./figure/unnamed-chunk-3-1.pdf>] (./main.aux)
Package rerunfilecheck Info: File `main.out' has not changed.
(rerunfilecheck)             Checksum: 61AB537E25E9840EADF35E1644BFF1FC;2210.
 ) 
Here is how much of TeX's memory you used:
 12596 strings out of 476025
 205201 string characters out of 5779036
 1864388 words of memory out of 5000000
 32813 multiletter control sequences out of 15000+600000
 524194 words of font info for 76 fonts, out of 8000000 for 9000
 1141 hyphenation exceptions out of 8191
 75i,13n,76p,710b,503s stack positions out of 10000i,1000n,20000p,200000b,200000s

pdfTeX warning (dest): name{Hfootnote.1} has been referenced but does not exist
, replaced by a fixed one

</opt/homebrew/Cellar/texlive/20230313_2/share/texmf-dist/fonts/type1/public/am
sfonts/cm/cmbx10.pfb></opt/homebrew/Cellar/texlive/20230313_2/share/texmf-dist/
fonts/type1/public/amsfonts/cm/cmbx12.pfb></opt/homebrew/Cellar/texlive/2023031
3_2/share/texmf-dist/fonts/type1/public/amsfonts/cm/cmbx7.pfb></opt/homebrew/Ce
llar/texlive/20230313_2/share/texmf-dist/fonts/type1/public/amsfonts/cm/cmbx9.p
fb></opt/homebrew/Cellar/texlive/20230313_2/share/texmf-dist/fonts/type1/public
/amsfonts/cm/cmex10.pfb></opt/homebrew/Cellar/texlive/20230313_2/share/texmf-di
st/fonts/type1/public/amsfonts/cmextra/cmex7.pfb></opt/homebrew/Cellar/texlive/
20230313_2/share/texmf-dist/fonts/type1/public/amsfonts/cm/cmitt10.pfb></opt/ho
mebrew/Cellar/texlive/20230313_2/share/texmf-dist/fonts/type1/public/amsfonts/c
m/cmmi10.pfb></opt/homebrew/Cellar/texlive/20230313_2/share/texmf-dist/fonts/ty
pe1/public/amsfonts/cm/cmmi5.pfb></opt/homebrew/Cellar/texlive/20230313_2/share
/texmf-dist/fonts/type1/public/amsfonts/cm/cmmi7.pfb></opt/homebrew/Cellar/texl
ive/20230313_2/share/texmf-dist/fonts/type1/public/amsfonts/cm/cmmi8.pfb></opt/
homebrew/Cellar/texlive/20230313_2/share/texmf-dist/fonts/type1/public/amsfonts
/cm/cmr10.pfb></opt/homebrew/Cellar/texlive/20230313_2/share/texmf-dist/fonts/t
ype1/public/amsfonts/cm/cmr6.pfb></opt/homebrew/Cellar/texlive/20230313_2/share
/texmf-dist/fonts/type1/public/amsfonts/cm/cmr7.pfb></opt/homebrew/Cellar/texli
ve/20230313_2/share/texmf-dist/fonts/type1/public/amsfonts/cm/cmr8.pfb></opt/ho
mebrew/Cellar/texlive/20230313_2/share/texmf-dist/fonts/type1/public/amsfonts/c
m/cmsy10.pfb></opt/homebrew/Cellar/texlive/20230313_2/share/texmf-dist/fonts/ty
pe1/public/amsfonts/cm/cmsy7.pfb></opt/homebrew/Cellar/texlive/20230313_2/share
/texmf-dist/fonts/type1/public/amsfonts/cm/cmtt10.pfb></opt/homebrew/Cellar/tex
live/20230313_2/share/texmf-dist/fonts/type1/public/cm-super/sfrm1000.pfb>
Output written on main.pdf (8 pages, 342792 bytes).
PDF statistics:
 214 PDF objects out of 1000 (max. 8388607)
 149 compressed objects within 2 object streams
 21 named destinations out of 1000 (max. 500000)
 100 words of extra memory for PDF output out of 10000 (max. 10000000)

